<?xml version="1.0" encoding="UTF-8"?>
<coverage line-rate="0" branch-rate="0" lines-covered="0" lines-valid="3" branches-covered="0" branches-valid="0" complexity="0" version="3.6.1" timestamp="2022-11-09 11:13:31">
  <sources/>
  <packages>
    <package name="tern.gee" line-rate="0" branch-rate="0" complexity="0">
      <classes>
        <class name="hello.R" filename="R/hello.R" line-rate="0" branch-rate="0" complexity="0">
          <methods>
            <method name="dummy_function" signature="" line-rate="0" branch-rate="0">
              <lines>
                <line number="4" hits="0" branch="false"/>
                <line number="5" hits="0" branch="false"/>
                <line number="6" hits="0" branch="false"/>
              </lines>
            </method>
          </methods>
          <lines>
            <line number="4" hits="0" branch="false"/>
            <line number="5" hits="0" branch="false"/>
            <line number="6" hits="0" branch="false"/>
          </lines>
        </class>
      </classes>
    </package>
  </packages>
</coverage>
